<?xml version="1.0" encoding="UTF-8"?>
<!-- Generated by org.testng.reporters.JUnitXMLReporter -->
<testsuite hostname="Prasad" ignored="2" name="Test" tests="2" failures="0" timestamp="15 Apr 2020 17:25:27 GMT" time="59.801" errors="0">
  <testcase name="AutoSuggestionCount" time="8.881" classname="com.TestScripts.SearchAutoSuggTest"/>
  <testcase name="SelectItemfrmRecords" time="13.057" classname="com.TestScripts.SelectBookfrmRecordsTest"/>
  <testcase name="@BeforeSuite connectDb" time="0.0" classname="com.genricLib.BaseClass">
    <ignored/>
  </testcase> <!-- @BeforeSuite connectDb -->
  <testcase name="@AfterSuite DBConnectionClose" time="0.0" classname="com.genricLib.BaseClass">
    <ignored/>
  </testcase> <!-- @AfterSuite DBConnectionClose -->
</testsuite> <!-- Test -->
